c:\users\zoozy\documents\workspace\c++\game-hack\assualt-cube\amo-health\code\window\assualtcube-dll\assualtcube-dll\debug\assualtcubedll.myform.resources
c:\users\zoozy\documents\workspace\c++\game-hack\assualt-cube\amo-health\code\window\assualtcube-dll\assualtcube-dll\debug\vc141.pdb
c:\users\zoozy\documents\workspace\c++\game-hack\assualt-cube\amo-health\code\window\assualtcube-dll\assualtcube-dll\debug\.netframework,version=v4.6.1.assemblyattributes.obj
c:\users\zoozy\documents\workspace\c++\game-hack\assualt-cube\amo-health\code\window\assualtcube-dll\assualtcube-dll\debug\.netframework,version=v4.6.1.assemblyattributes.asm
c:\users\zoozy\documents\workspace\c++\game-hack\assualt-cube\amo-health\code\window\assualtcube-dll\assualtcube-dll\debug\main.obj
c:\users\zoozy\documents\workspace\c++\game-hack\assualt-cube\amo-health\code\window\assualtcube-dll\assualtcube-dll\debug\myform.obj
c:\users\zoozy\documents\workspace\c++\game-hack\assualt-cube\amo-health\code\window\assualtcube-dll\assualtcube-dll\debug\assualtcube-dll.vcxproj.generateresource.cache
c:\users\zoozy\documents\workspace\c++\game-hack\assualt-cube\amo-health\code\window\assualtcube-dll\assualtcube-dll\debug\assualtcube-dll.vcxprojassemblyreference.cache
c:\users\zoozy\documents\workspace\c++\game-hack\assualt-cube\amo-health\code\window\assualtcube-dll\debug\assualtcube-dll.pdb
c:\users\zoozy\documents\workspace\c++\game-hack\assualt-cube\amo-health\code\window\assualtcube-dll\debug\assualtcube-dll.dll
c:\users\zoozy\documents\workspace\c++\game-hack\assualt-cube\amo-health\code\window\assualtcube-dll\assualtcube-dll\debug\assualtcube-dll.tlog\assualtcube-dll.write.1u.tlog
c:\users\zoozy\documents\workspace\c++\game-hack\assualt-cube\amo-health\code\window\assualtcube-dll\assualtcube-dll\debug\assualtcube-dll.tlog\cl.command.1.tlog
c:\users\zoozy\documents\workspace\c++\game-hack\assualt-cube\amo-health\code\window\assualtcube-dll\assualtcube-dll\debug\assualtcube-dll.tlog\cl.read.1.tlog
c:\users\zoozy\documents\workspace\c++\game-hack\assualt-cube\amo-health\code\window\assualtcube-dll\assualtcube-dll\debug\assualtcube-dll.tlog\cl.write.1.tlog
c:\users\zoozy\documents\workspace\c++\game-hack\assualt-cube\amo-health\code\window\assualtcube-dll\assualtcube-dll\debug\assualtcube-dll.tlog\link.command.1.tlog
c:\users\zoozy\documents\workspace\c++\game-hack\assualt-cube\amo-health\code\window\assualtcube-dll\assualtcube-dll\debug\assualtcube-dll.tlog\link.read.1.tlog
c:\users\zoozy\documents\workspace\c++\game-hack\assualt-cube\amo-health\code\window\assualtcube-dll\assualtcube-dll\debug\assualtcube-dll.tlog\link.write.1.tlog
c:\users\zoozy\documents\workspace\c++\game-hack\assualt-cube\amo-health\code\window\assualtcube-dll\assualtcube-dll\debug\assualtcube-dll.tlog\metagen.read.1.tlog
c:\users\zoozy\documents\workspace\c++\game-hack\assualt-cube\amo-health\code\window\assualtcube-dll\assualtcube-dll\debug\assualtcube-dll.tlog\metagen.write.1.tlog
c:\users\zoozy\documents\workspace\c++\game-hack\assualt-cube\amo-health\code\window\assualtcube-dll\assualtcube-dll\debug\assualtcube-dll.tlog\tzres.dll.bi
